0 info it worked if it ends with ok
1 verbose cli [ '/usr/bin/nodejs', '/usr/bin/npm', 'run', 'karma-test' ]
2 info using npm@3.5.2
3 info using node@v4.2.6
4 verbose run-script [ 'prekarma-test', 'karma-test', 'postkarma-test' ]
5 info lifecycle pressure_pong@1.0.0~prekarma-test: pressure_pong@1.0.0
6 silly lifecycle pressure_pong@1.0.0~prekarma-test: no script for prekarma-test, continuing
7 info lifecycle pressure_pong@1.0.0~karma-test: pressure_pong@1.0.0
8 verbose lifecycle pressure_pong@1.0.0~karma-test: unsafe-perm in lifecycle true
9 verbose lifecycle pressure_pong@1.0.0~karma-test: PATH: /usr/share/npm/bin/node-gyp-bin:/home/reed/code/JS/emmanuel/pressure_pong/node_modules/.bin:/usr/local/sbin:/usr/local/bin:/usr/sbin:/usr/bin:/sbin:/bin:/usr/games:/usr/local/games:/snap/bin
10 verbose lifecycle pressure_pong@1.0.0~karma-test: CWD: /home/reed/code/JS/emmanuel/pressure_pong
11 silly lifecycle pressure_pong@1.0.0~karma-test: Args: [ '-c', 'karma run' ]
12 silly lifecycle pressure_pong@1.0.0~karma-test: Returned: code: 1  signal: null
13 info lifecycle pressure_pong@1.0.0~karma-test: Failed to exec karma-test script
14 verbose stack Error: pressure_pong@1.0.0 karma-test: `karma run`
14 verbose stack Exit status 1
14 verbose stack     at EventEmitter.<anonymous> (/usr/share/npm/lib/utils/lifecycle.js:232:16)
14 verbose stack     at emitTwo (events.js:87:13)
14 verbose stack     at EventEmitter.emit (events.js:172:7)
14 verbose stack     at ChildProcess.<anonymous> (/usr/share/npm/lib/utils/spawn.js:24:14)
14 verbose stack     at emitTwo (events.js:87:13)
14 verbose stack     at ChildProcess.emit (events.js:172:7)
14 verbose stack     at maybeClose (internal/child_process.js:821:16)
14 verbose stack     at Process.ChildProcess._handle.onexit (internal/child_process.js:211:5)
15 verbose pkgid pressure_pong@1.0.0
16 verbose cwd /home/reed/code/JS/emmanuel/pressure_pong
17 error Linux 4.6.0-040600-generic
18 error argv "/usr/bin/nodejs" "/usr/bin/npm" "run" "karma-test"
19 error node v4.2.6
20 error npm  v3.5.2
21 error code ELIFECYCLE
22 error pressure_pong@1.0.0 karma-test: `karma run`
22 error Exit status 1
23 error Failed at the pressure_pong@1.0.0 karma-test script 'karma run'.
23 error Make sure you have the latest version of node.js and npm installed.
23 error If you do, this is most likely a problem with the pressure_pong package,
23 error not with npm itself.
23 error Tell the author that this fails on your system:
23 error     karma run
23 error You can get information on how to open an issue for this project with:
23 error     npm bugs pressure_pong
23 error Or if that isn't available, you can get their info via:
23 error     npm owner ls pressure_pong
23 error There is likely additional logging output above.
24 verbose exit [ 1, true ]
